<?xml version="1.0" encoding="UTF-8"?>
<coverage generated="1515801170713" clover="3.2.0">
  <project timestamp="1515801170713" name="All files">
    <metrics statements="37" coveredstatements="31" conditionals="18" coveredconditionals="9" methods="21" coveredmethods="13" elements="76" coveredelements="53" complexity="0" loc="37" ncloc="37" packages="8" files="10" classes="10">
      <package name="About">
        <metrics statements="1" coveredstatements="0" conditionals="0" coveredconditionals="0" methods="1" coveredmethods="0"/>
        <file name="About.js" path="/Users/brookeclonts/Sites/brookeclonts.com/src/components/About/About.js">
          <metrics statements="1" coveredstatements="0" conditionals="0" coveredconditionals="0" methods="1" coveredmethods="0"/>
          <line num="9" count="0" type="stmt"/>
        </file>
      </package>
      <package name="App">
        <metrics statements="5" coveredstatements="4" conditionals="0" coveredconditionals="0" methods="2" coveredmethods="1"/>
        <file name="App.js" path="/Users/brookeclonts/Sites/brookeclonts.com/src/components/App/App.js">
          <metrics statements="5" coveredstatements="4" conditionals="0" coveredconditionals="0" methods="2" coveredmethods="1"/>
          <line num="16" count="3" type="stmt"/>
          <line num="17" count="3" type="stmt"/>
          <line num="22" count="3" type="stmt"/>
          <line num="32" count="3" type="stmt"/>
          <line num="39" count="0" type="stmt"/>
        </file>
      </package>
      <package name="Book">
        <metrics statements="1" coveredstatements="0" conditionals="0" coveredconditionals="0" methods="1" coveredmethods="0"/>
        <file name="Book.js" path="/Users/brookeclonts/Sites/brookeclonts.com/src/components/Book/Book.js">
          <metrics statements="1" coveredstatements="0" conditionals="0" coveredconditionals="0" methods="1" coveredmethods="0"/>
          <line num="12" count="0" type="stmt"/>
        </file>
      </package>
      <package name="Footer">
        <metrics statements="5" coveredstatements="5" conditionals="0" coveredconditionals="0" methods="3" coveredmethods="2"/>
        <file name="Footer.js" path="/Users/brookeclonts/Sites/brookeclonts.com/src/components/Footer/Footer.js">
          <metrics statements="5" coveredstatements="5" conditionals="0" coveredconditionals="0" methods="3" coveredmethods="2"/>
          <line num="11" count="3" type="stmt"/>
          <line num="23" count="3" type="stmt"/>
          <line num="25" count="3" type="stmt"/>
          <line num="37" count="3" type="stmt"/>
          <line num="45" count="3" type="stmt"/>
        </file>
      </package>
      <package name="Header">
        <metrics statements="12" coveredstatements="11" conditionals="18" coveredconditionals="9" methods="4" coveredmethods="2"/>
        <file name="Header.js" path="/Users/brookeclonts/Sites/brookeclonts.com/src/components/Header/Header.js">
          <metrics statements="12" coveredstatements="11" conditionals="18" coveredconditionals="9" methods="4" coveredmethods="2"/>
          <line num="13" count="4" type="stmt"/>
          <line num="15" count="4" type="stmt"/>
          <line num="30" count="4" type="stmt"/>
          <line num="32" count="4" type="stmt"/>
          <line num="33" count="0" type="stmt"/>
          <line num="36" count="4" type="stmt"/>
          <line num="60" count="4" type="stmt"/>
          <line num="66" count="4" type="stmt"/>
          <line num="81" count="4" type="stmt"/>
          <line num="88" count="4" type="stmt"/>
          <line num="92" count="4" type="stmt"/>
          <line num="101" count="4" type="stmt"/>
        </file>
      </package>
      <package name="Home">
        <metrics statements="1" coveredstatements="0" conditionals="0" coveredconditionals="0" methods="1" coveredmethods="0"/>
        <file name="Home.js" path="/Users/brookeclonts/Sites/brookeclonts.com/src/components/Home/Home.js">
          <metrics statements="1" coveredstatements="0" conditionals="0" coveredconditionals="0" methods="1" coveredmethods="0"/>
          <line num="9" count="0" type="stmt"/>
        </file>
      </package>
      <package name="Icons">
        <metrics statements="9" coveredstatements="9" conditionals="0" coveredconditionals="0" methods="6" coveredmethods="6"/>
        <file name="Facebook.js" path="/Users/brookeclonts/Sites/brookeclonts.com/src/components/Icons/Facebook.js">
          <metrics statements="3" coveredstatements="3" conditionals="0" coveredconditionals="0" methods="2" coveredmethods="2"/>
          <line num="6" count="11" type="stmt"/>
          <line num="10" count="11" type="stmt"/>
          <line num="12" count="11" type="stmt"/>
        </file>
        <file name="Instagram.js" path="/Users/brookeclonts/Sites/brookeclonts.com/src/components/Icons/Instagram.js">
          <metrics statements="3" coveredstatements="3" conditionals="0" coveredconditionals="0" methods="2" coveredmethods="2"/>
          <line num="6" count="11" type="stmt"/>
          <line num="10" count="11" type="stmt"/>
          <line num="12" count="11" type="stmt"/>
        </file>
        <file name="Twitter.js" path="/Users/brookeclonts/Sites/brookeclonts.com/src/components/Icons/Twitter.js">
          <metrics statements="3" coveredstatements="3" conditionals="0" coveredconditionals="0" methods="2" coveredmethods="2"/>
          <line num="10" count="11" type="stmt"/>
          <line num="14" count="11" type="stmt"/>
          <line num="16" count="11" type="stmt"/>
        </file>
      </package>
      <package name="SubscriptionForm">
        <metrics statements="3" coveredstatements="2" conditionals="0" coveredconditionals="0" methods="3" coveredmethods="2"/>
        <file name="SubscriptionForm.js" path="/Users/brookeclonts/Sites/brookeclonts.com/src/components/SubscriptionForm/SubscriptionForm.js">
          <metrics statements="3" coveredstatements="2" conditionals="0" coveredconditionals="0" methods="3" coveredmethods="2"/>
          <line num="5" count="3" type="stmt"/>
          <line num="9" count="0" type="stmt"/>
          <line num="13" count="3" type="stmt"/>
        </file>
      </package>
    </metrics>
  </project>
</coverage>
