{"/Users/brookeclonts/Sites/brookeclonts.com/src/components/About/About.js": {"path":"/Users/brookeclonts/Sites/brookeclonts.com/src/components/About/About.js","statementMap":{"0":{"start":{"line":9,"column":4},"end":{"line":15,"column":6}}},"fnMap":{"0":{"name":"(anonymous_0)","decl":{"start":{"line":8,"column":2},"end":{"line":8,"column":3}},"loc":{"start":{"line":8,"column":11},"end":{"line":16,"column":3}},"line":8}},"branchMap":{},"s":{"0":0},"f":{"0":0},"b":{},"_coverageSchema":"332fd63041d2c1bcb487cc26dd0d5f7d97098a6c","hash":"b1fbfabf05436b5d8d43981a1099121aef6ebce0"}
,"/Users/brookeclonts/Sites/brookeclonts.com/src/components/App/App.js": {"path":"/Users/brookeclonts/Sites/brookeclonts.com/src/components/App/App.js","statementMap":{"0":{"start":{"line":16,"column":16},"end":{"line":16,"column":21}},"1":{"start":{"line":17,"column":32},"end":{"line":21,"column":3}},"2":{"start":{"line":22,"column":20},"end":{"line":31,"column":3}},"3":{"start":{"line":32,"column":2},"end":{"line":44,"column":3}},"4":{"start":{"line":39,"column":55},"end":{"line":39,"column":96}}},"fnMap":{"0":{"name":"App","decl":{"start":{"line":15,"column":24},"end":{"line":15,"column":27}},"loc":{"start":{"line":15,"column":35},"end":{"line":45,"column":1}},"line":15},"1":{"name":"(anonymous_1)","decl":{"start":{"line":39,"column":42},"end":{"line":39,"column":43}},"loc":{"start":{"line":39,"column":55},"end":{"line":39,"column":96}},"line":39}},"branchMap":{},"s":{"0":3,"1":3,"2":3,"3":3,"4":0},"f":{"0":3,"1":0},"b":{},"_coverageSchema":"332fd63041d2c1bcb487cc26dd0d5f7d97098a6c","hash":"41afe9ffe4a3fbc4e9c8b52a1a4d270e31deb6a6"}
,"/Users/brookeclonts/Sites/brookeclonts.com/src/components/Book/Book.js": {"path":"/Users/brookeclonts/Sites/brookeclonts.com/src/components/Book/Book.js","statementMap":{"0":{"start":{"line":12,"column":4},"end":{"line":18,"column":6}}},"fnMap":{"0":{"name":"(anonymous_0)","decl":{"start":{"line":11,"column":2},"end":{"line":11,"column":3}},"loc":{"start":{"line":11,"column":11},"end":{"line":19,"column":3}},"line":11}},"branchMap":{},"s":{"0":0},"f":{"0":0},"b":{},"_coverageSchema":"332fd63041d2c1bcb487cc26dd0d5f7d97098a6c","hash":"d33b601259dfdb0d8bc09ec0267feab5c51a87ff"}
,"/Users/brookeclonts/Sites/brookeclonts.com/src/components/Footer/Footer.js": {"path":"/Users/brookeclonts/Sites/brookeclonts.com/src/components/Footer/Footer.js","statementMap":{"0":{"start":{"line":11,"column":8},"end":{"line":11,"column":21}},"1":{"start":{"line":23,"column":38},"end":{"line":23,"column":48}},"2":{"start":{"line":25,"column":21},"end":{"line":35,"column":9}},"3":{"start":{"line":37,"column":22},"end":{"line":43,"column":9}},"4":{"start":{"line":45,"column":8},"end":{"line":224,"column":10}}},"fnMap":{"0":{"name":"(anonymous_0)","decl":{"start":{"line":10,"column":4},"end":{"line":10,"column":5}},"loc":{"start":{"line":10,"column":23},"end":{"line":12,"column":5}},"line":10},"1":{"name":"(anonymous_1)","decl":{"start":{"line":14,"column":4},"end":{"line":14,"column":5}},"loc":{"start":{"line":14,"column":20},"end":{"line":20,"column":5}},"line":14},"2":{"name":"(anonymous_2)","decl":{"start":{"line":22,"column":4},"end":{"line":22,"column":5}},"loc":{"start":{"line":22,"column":13},"end":{"line":225,"column":5}},"line":22}},"branchMap":{},"s":{"0":3,"1":3,"2":3,"3":3,"4":3},"f":{"0":3,"1":0,"2":3},"b":{},"_coverageSchema":"332fd63041d2c1bcb487cc26dd0d5f7d97098a6c","hash":"50a9f36f64fd893a87fc2a5664b8b87fef0ce0b1"}
,"/Users/brookeclonts/Sites/brookeclonts.com/src/components/Header/Header.js": {"path":"/Users/brookeclonts/Sites/brookeclonts.com/src/components/Header/Header.js","statementMap":{"0":{"start":{"line":13,"column":8},"end":{"line":13,"column":21}},"1":{"start":{"line":15,"column":8},"end":{"line":18,"column":10}},"2":{"start":{"line":30,"column":38},"end":{"line":30,"column":48}},"3":{"start":{"line":32,"column":27},"end":{"line":34,"column":9}},"4":{"start":{"line":33,"column":12},"end":{"line":33,"column":71}},"5":{"start":{"line":36,"column":25},"end":{"line":58,"column":9}},"6":{"start":{"line":60,"column":21},"end":{"line":64,"column":9}},"7":{"start":{"line":66,"column":28},"end":{"line":79,"column":9}},"8":{"start":{"line":81,"column":27},"end":{"line":86,"column":9}},"9":{"start":{"line":88,"column":30},"end":{"line":90,"column":9}},"10":{"start":{"line":92,"column":28},"end":{"line":99,"column":9}},"11":{"start":{"line":101,"column":8},"end":{"line":380,"column":10}}},"fnMap":{"0":{"name":"(anonymous_0)","decl":{"start":{"line":12,"column":4},"end":{"line":12,"column":5}},"loc":{"start":{"line":12,"column":23},"end":{"line":19,"column":5}},"line":12},"1":{"name":"(anonymous_1)","decl":{"start":{"line":21,"column":4},"end":{"line":21,"column":5}},"loc":{"start":{"line":21,"column":20},"end":{"line":27,"column":5}},"line":21},"2":{"name":"(anonymous_2)","decl":{"start":{"line":29,"column":4},"end":{"line":29,"column":5}},"loc":{"start":{"line":29,"column":13},"end":{"line":381,"column":5}},"line":29},"3":{"name":"(anonymous_3)","decl":{"start":{"line":32,"column":27},"end":{"line":32,"column":28}},"loc":{"start":{"line":32,"column":33},"end":{"line":34,"column":9}},"line":32}},"branchMap":{"0":{"loc":{"start":{"line":49,"column":29},"end":{"line":49,"column":89}},"type":"cond-expr","locations":[{"start":{"line":49,"column":57},"end":{"line":49,"column":72}},{"start":{"line":49,"column":75},"end":{"line":49,"column":89}}],"line":49},"1":{"loc":{"start":{"line":52,"column":25},"end":{"line":52,"column":66}},"type":"cond-expr","locations":[{"start":{"line":52,"column":53},"end":{"line":52,"column":57}},{"start":{"line":52,"column":60},"end":{"line":52,"column":66}}],"line":52},"2":{"loc":{"start":{"line":53,"column":27},"end":{"line":53,"column":60}},"type":"cond-expr","locations":[{"start":{"line":53,"column":55},"end":{"line":53,"column":56}},{"start":{"line":53,"column":59},"end":{"line":53,"column":60}}],"line":53},"3":{"loc":{"start":{"line":56,"column":29},"end":{"line":56,"column":90}},"type":"cond-expr","locations":[{"start":{"line":56,"column":57},"end":{"line":56,"column":73}},{"start":{"line":56,"column":76},"end":{"line":56,"column":90}}],"line":56},"4":{"loc":{"start":{"line":77,"column":19},"end":{"line":77,"column":64}},"type":"cond-expr","locations":[{"start":{"line":77,"column":47},"end":{"line":77,"column":53}},{"start":{"line":77,"column":56},"end":{"line":77,"column":64}}],"line":77},"5":{"loc":{"start":{"line":78,"column":23},"end":{"line":78,"column":56}},"type":"cond-expr","locations":[{"start":{"line":78,"column":51},"end":{"line":78,"column":52}},{"start":{"line":78,"column":55},"end":{"line":78,"column":56}}],"line":78},"6":{"loc":{"start":{"line":109,"column":32},"end":{"line":109,"column":71}},"type":"cond-expr","locations":[{"start":{"line":109,"column":51},"end":{"line":109,"column":58}},{"start":{"line":109,"column":61},"end":{"line":109,"column":71}}],"line":109},"7":{"loc":{"start":{"line":285,"column":39},"end":{"line":285,"column":72}},"type":"cond-expr","locations":[{"start":{"line":285,"column":67},"end":{"line":285,"column":68}},{"start":{"line":285,"column":71},"end":{"line":285,"column":72}}],"line":285},"8":{"loc":{"start":{"line":288,"column":35},"end":{"line":288,"column":80}},"type":"cond-expr","locations":[{"start":{"line":288,"column":63},"end":{"line":288,"column":69}},{"start":{"line":288,"column":72},"end":{"line":288,"column":80}}],"line":288}},"s":{"0":4,"1":4,"2":4,"3":4,"4":0,"5":4,"6":4,"7":4,"8":4,"9":4,"10":4,"11":4},"f":{"0":4,"1":0,"2":4,"3":0},"b":{"0":[0,4],"1":[0,4],"2":[0,4],"3":[0,4],"4":[0,4],"5":[0,4],"6":[0,4],"7":[0,4],"8":[0,4]},"_coverageSchema":"332fd63041d2c1bcb487cc26dd0d5f7d97098a6c","hash":"a6dd615d9614013aafff783da2c87ec93cba63ec"}
,"/Users/brookeclonts/Sites/brookeclonts.com/src/components/Home/Home.js": {"path":"/Users/brookeclonts/Sites/brookeclonts.com/src/components/Home/Home.js","statementMap":{"0":{"start":{"line":9,"column":4},"end":{"line":15,"column":6}}},"fnMap":{"0":{"name":"(anonymous_0)","decl":{"start":{"line":8,"column":2},"end":{"line":8,"column":3}},"loc":{"start":{"line":8,"column":11},"end":{"line":16,"column":3}},"line":8}},"branchMap":{},"s":{"0":0},"f":{"0":0},"b":{},"_coverageSchema":"332fd63041d2c1bcb487cc26dd0d5f7d97098a6c","hash":"4de384a9838f964ac6bd0290beaec8899b066583"}
,"/Users/brookeclonts/Sites/brookeclonts.com/src/components/Icons/Facebook.js": {"path":"/Users/brookeclonts/Sites/brookeclonts.com/src/components/Icons/Facebook.js","statementMap":{"0":{"start":{"line":6,"column":8},"end":{"line":6,"column":21}},"1":{"start":{"line":10,"column":29},"end":{"line":10,"column":39}},"2":{"start":{"line":12,"column":8},"end":{"line":28,"column":10}}},"fnMap":{"0":{"name":"(anonymous_0)","decl":{"start":{"line":5,"column":4},"end":{"line":5,"column":5}},"loc":{"start":{"line":5,"column":23},"end":{"line":7,"column":5}},"line":5},"1":{"name":"(anonymous_1)","decl":{"start":{"line":9,"column":4},"end":{"line":9,"column":5}},"loc":{"start":{"line":9,"column":13},"end":{"line":29,"column":5}},"line":9}},"branchMap":{},"s":{"0":11,"1":11,"2":11},"f":{"0":11,"1":11},"b":{},"_coverageSchema":"332fd63041d2c1bcb487cc26dd0d5f7d97098a6c","hash":"efc3bf345f18f7a3210353d7432a44a7f62dd4d1"}
,"/Users/brookeclonts/Sites/brookeclonts.com/src/components/Icons/Instagram.js": {"path":"/Users/brookeclonts/Sites/brookeclonts.com/src/components/Icons/Instagram.js","statementMap":{"0":{"start":{"line":6,"column":8},"end":{"line":6,"column":21}},"1":{"start":{"line":10,"column":29},"end":{"line":10,"column":39}},"2":{"start":{"line":12,"column":8},"end":{"line":39,"column":10}}},"fnMap":{"0":{"name":"(anonymous_0)","decl":{"start":{"line":5,"column":4},"end":{"line":5,"column":5}},"loc":{"start":{"line":5,"column":23},"end":{"line":7,"column":5}},"line":5},"1":{"name":"(anonymous_1)","decl":{"start":{"line":9,"column":4},"end":{"line":9,"column":5}},"loc":{"start":{"line":9,"column":13},"end":{"line":40,"column":5}},"line":9}},"branchMap":{},"s":{"0":11,"1":11,"2":11},"f":{"0":11,"1":11},"b":{},"_coverageSchema":"332fd63041d2c1bcb487cc26dd0d5f7d97098a6c","hash":"9312ea05a5038268bc8fe7070eef278afd24711a"}
,"/Users/brookeclonts/Sites/brookeclonts.com/src/components/Icons/Twitter.js": {"path":"/Users/brookeclonts/Sites/brookeclonts.com/src/components/Icons/Twitter.js","statementMap":{"0":{"start":{"line":10,"column":8},"end":{"line":10,"column":21}},"1":{"start":{"line":14,"column":29},"end":{"line":14,"column":39}},"2":{"start":{"line":16,"column":8},"end":{"line":49,"column":10}}},"fnMap":{"0":{"name":"(anonymous_0)","decl":{"start":{"line":9,"column":4},"end":{"line":9,"column":5}},"loc":{"start":{"line":9,"column":23},"end":{"line":11,"column":5}},"line":9},"1":{"name":"(anonymous_1)","decl":{"start":{"line":13,"column":4},"end":{"line":13,"column":5}},"loc":{"start":{"line":13,"column":13},"end":{"line":50,"column":5}},"line":13}},"branchMap":{},"s":{"0":11,"1":11,"2":11},"f":{"0":11,"1":11},"b":{},"_coverageSchema":"332fd63041d2c1bcb487cc26dd0d5f7d97098a6c","hash":"5caf0db53d505724ab701756a63989377be70734"}
,"/Users/brookeclonts/Sites/brookeclonts.com/src/components/SubscriptionForm/SubscriptionForm.js": {"path":"/Users/brookeclonts/Sites/brookeclonts.com/src/components/SubscriptionForm/SubscriptionForm.js","statementMap":{"0":{"start":{"line":5,"column":8},"end":{"line":5,"column":21}},"1":{"start":{"line":9,"column":8},"end":{"line":9,"column":24}},"2":{"start":{"line":13,"column":8},"end":{"line":16,"column":10}}},"fnMap":{"0":{"name":"(anonymous_0)","decl":{"start":{"line":4,"column":4},"end":{"line":4,"column":5}},"loc":{"start":{"line":4,"column":23},"end":{"line":6,"column":5}},"line":4},"1":{"name":"(anonymous_1)","decl":{"start":{"line":8,"column":4},"end":{"line":8,"column":5}},"loc":{"start":{"line":8,"column":19},"end":{"line":10,"column":5}},"line":8},"2":{"name":"(anonymous_2)","decl":{"start":{"line":12,"column":4},"end":{"line":12,"column":5}},"loc":{"start":{"line":12,"column":13},"end":{"line":17,"column":5}},"line":12}},"branchMap":{},"s":{"0":3,"1":0,"2":3},"f":{"0":3,"1":0,"2":3},"b":{},"_coverageSchema":"332fd63041d2c1bcb487cc26dd0d5f7d97098a6c","hash":"0f750d119bfca47c5439f66a7e859ed428b8b6df"}
}
