TN:
SF:/Users/brookeclonts/Sites/brookeclonts.com/src/components/About/About.js
FN:8,(anonymous_0)
FNF:1
FNH:0
FNDA:0,(anonymous_0)
DA:9,0
LF:1
LH:0
BRF:0
BRH:0
end_of_record
TN:
SF:/Users/brookeclonts/Sites/brookeclonts.com/src/components/App/App.js
FN:15,App
FN:39,(anonymous_1)
FNF:2
FNH:1
FNDA:3,App
FNDA:0,(anonymous_1)
DA:16,3
DA:17,3
DA:22,3
DA:32,3
DA:39,0
LF:5
LH:4
BRF:0
BRH:0
end_of_record
TN:
SF:/Users/brookeclonts/Sites/brookeclonts.com/src/components/Book/Book.js
FN:11,(anonymous_0)
FNF:1
FNH:0
FNDA:0,(anonymous_0)
DA:12,0
LF:1
LH:0
BRF:0
BRH:0
end_of_record
TN:
SF:/Users/brookeclonts/Sites/brookeclonts.com/src/components/Footer/Footer.js
FN:10,(anonymous_0)
FN:14,(anonymous_1)
FN:22,(anonymous_2)
FNF:3
FNH:2
FNDA:3,(anonymous_0)
FNDA:0,(anonymous_1)
FNDA:3,(anonymous_2)
DA:11,3
DA:23,3
DA:25,3
DA:37,3
DA:45,3
LF:5
LH:5
BRF:0
BRH:0
end_of_record
TN:
SF:/Users/brookeclonts/Sites/brookeclonts.com/src/components/Header/Header.js
FN:12,(anonymous_0)
FN:21,(anonymous_1)
FN:29,(anonymous_2)
FN:32,(anonymous_3)
FNF:4
FNH:2
FNDA:4,(anonymous_0)
FNDA:0,(anonymous_1)
FNDA:4,(anonymous_2)
FNDA:0,(anonymous_3)
DA:13,4
DA:15,4
DA:30,4
DA:32,4
DA:33,0
DA:36,4
DA:60,4
DA:66,4
DA:81,4
DA:88,4
DA:92,4
DA:101,4
LF:12
LH:11
BRDA:49,0,0,0
BRDA:49,0,1,4
BRDA:52,1,0,0
BRDA:52,1,1,4
BRDA:53,2,0,0
BRDA:53,2,1,4
BRDA:56,3,0,0
BRDA:56,3,1,4
BRDA:77,4,0,0
BRDA:77,4,1,4
BRDA:78,5,0,0
BRDA:78,5,1,4
BRDA:109,6,0,0
BRDA:109,6,1,4
BRDA:285,7,0,0
BRDA:285,7,1,4
BRDA:288,8,0,0
BRDA:288,8,1,4
BRF:18
BRH:9
end_of_record
TN:
SF:/Users/brookeclonts/Sites/brookeclonts.com/src/components/Home/Home.js
FN:8,(anonymous_0)
FNF:1
FNH:0
FNDA:0,(anonymous_0)
DA:9,0
LF:1
LH:0
BRF:0
BRH:0
end_of_record
TN:
SF:/Users/brookeclonts/Sites/brookeclonts.com/src/components/Icons/Facebook.js
FN:5,(anonymous_0)
FN:9,(anonymous_1)
FNF:2
FNH:2
FNDA:11,(anonymous_0)
FNDA:11,(anonymous_1)
DA:6,11
DA:10,11
DA:12,11
LF:3
LH:3
BRF:0
BRH:0
end_of_record
TN:
SF:/Users/brookeclonts/Sites/brookeclonts.com/src/components/Icons/Instagram.js
FN:5,(anonymous_0)
FN:9,(anonymous_1)
FNF:2
FNH:2
FNDA:11,(anonymous_0)
FNDA:11,(anonymous_1)
DA:6,11
DA:10,11
DA:12,11
LF:3
LH:3
BRF:0
BRH:0
end_of_record
TN:
SF:/Users/brookeclonts/Sites/brookeclonts.com/src/components/Icons/Twitter.js
FN:9,(anonymous_0)
FN:13,(anonymous_1)
FNF:2
FNH:2
FNDA:11,(anonymous_0)
FNDA:11,(anonymous_1)
DA:10,11
DA:14,11
DA:16,11
LF:3
LH:3
BRF:0
BRH:0
end_of_record
TN:
SF:/Users/brookeclonts/Sites/brookeclonts.com/src/components/SubscriptionForm/SubscriptionForm.js
FN:4,(anonymous_0)
FN:8,(anonymous_1)
FN:12,(anonymous_2)
FNF:3
FNH:2
FNDA:3,(anonymous_0)
FNDA:0,(anonymous_1)
FNDA:3,(anonymous_2)
DA:5,3
DA:9,0
DA:13,3
LF:3
LH:2
BRF:0
BRH:0
end_of_record
